\BOOKMARK [0][-]{chapter.1}{Konzeption}{}% 1
\BOOKMARK [1][-]{section.1.1}{Concept Map}{chapter.1}% 2
\BOOKMARK [1][-]{section.1.2}{Aufbau der LPU}{chapter.1}% 3
\BOOKMARK [2][-]{subsection.1.2.1}{F\374r wen sind die LPU geeignet?}{section.1.2}% 4
\BOOKMARK [2][-]{subsection.1.2.2}{Vorwissen}{section.1.2}% 5
\BOOKMARK [2][-]{subsection.1.2.3}{Konzeption}{section.1.2}% 6
\BOOKMARK [1][-]{section.1.3}{Lernziele}{chapter.1}% 7
\BOOKMARK [2][-]{subsection.1.3.1}{Leitidee}{section.1.3}% 8
\BOOKMARK [2][-]{subsection.1.3.2}{Dispositionsziel}{section.1.3}% 9
\BOOKMARK [2][-]{subsection.1.3.3}{Operationalisierte Lernziele}{section.1.3}% 10
\BOOKMARK [1][-]{section.1.4}{Inhalt}{chapter.1}% 11
\BOOKMARK [0][-]{chapter.2}{Unterlagen}{}% 12
\BOOKMARK [1][-]{section.2.1}{Graphen}{chapter.2}% 13
\BOOKMARK [2][-]{subsection.2.1.1}{Begriffe}{section.2.1}% 14
\BOOKMARK [2][-]{subsection.2.1.2}{Defintionen}{section.2.1}% 15
\BOOKMARK [2][-]{subsection.2.1.3}{Zusammenfassung und Kontrollaufgaben}{section.2.1}% 16
\BOOKMARK [1][-]{section.2.2}{Breitensuche}{chapter.2}% 17
\BOOKMARK [2][-]{subsection.2.2.1}{Einf\374hrung}{section.2.2}% 18
\BOOKMARK [2][-]{subsection.2.2.2}{Algorithmus}{section.2.2}% 19
\BOOKMARK [2][-]{subsection.2.2.3}{Anwendung und Erweiterung}{section.2.2}% 20
\BOOKMARK [2][-]{subsection.2.2.4}{Beispiele}{section.2.2}% 21
\BOOKMARK [1][-]{section.2.3}{L\366sungen}{chapter.2}% 22
\BOOKMARK [0][-]{chapter.3}{Anhang}{}% 23
\BOOKMARK [0][-]{chapter.3}{Literatur}{}% 24
